[2025-04-21 07:08:35] Fetching bank data (combined)...
[2025-04-21 07:08:35] Fetched balance: 0
[2025-04-21 07:08:35] Fetched 0 combined transactions.
[2025-04-21 07:08:35] Calculated total earned (from timers only): 0
[2025-04-21 07:08:45] Fetching bank data (combined)...
[2025-04-21 07:08:45] Fetched balance: 0
[2025-04-21 07:08:45] Fetched 0 combined transactions.
[2025-04-21 07:08:45] Calculated total earned (from timers only): 0
[2025-04-21 07:09:06] Fetching bank data (combined)...
[2025-04-21 07:09:06] Fetched balance: 0
[2025-04-21 07:09:06] Fetched 1 combined transactions.
[2025-04-21 07:09:06] Calculated total earned (from timers only): 2.8E-5
[2025-04-21 07:09:13] Fetching bank data (combined)...
[2025-04-21 07:09:13] Fetched balance: 0
[2025-04-21 07:09:13] Fetched 1 combined transactions.
[2025-04-21 07:09:13] Calculated total earned (from timers only): 2.8E-5
[2025-04-21 07:09:22] Fetching bank data (combined)...
[2025-04-21 07:09:22] Fetched balance: 0.0006
[2025-04-21 07:09:22] Fetched 2 combined transactions.
[2025-04-21 07:09:22] Calculated total earned (from timers only): 0.000667
[2025-04-21 07:09:33] Fetching bank data (combined)...
[2025-04-21 07:09:33] Fetched balance: 0.0006
[2025-04-21 07:09:33] Fetched 2 combined transactions.
[2025-04-21 07:09:33] Calculated total earned (from timers only): 0.000667
[2025-04-21 07:09:46] Fetching bank data (combined)...
[2025-04-21 07:09:46] Fetched balance: 0.0019
[2025-04-21 07:09:46] Fetched 3 combined transactions.
[2025-04-21 07:09:46] Calculated total earned (from timers only): 0.001973
[2025-04-21 07:13:25] Fetching bank data (combined)...
[2025-04-21 07:13:25] Fetched balance: 0.0019
[2025-04-21 07:13:25] Fetched 3 combined transactions.
[2025-04-21 07:13:25] Calculated total earned (from timers only): 0.001973
[2025-04-21 07:16:08] Fetching bank data (combined)...
[2025-04-21 07:16:08] Fetched balance: 0.0105
[2025-04-21 07:16:08] Fetched 8 combined transactions.
[2025-04-21 07:16:08] Calculated total earned (from timers only): 0.010584
[2025-04-21 07:18:41] Fetching bank data (combined)...
[2025-04-21 07:18:41] Fetched balance: 0.0086
[2025-04-21 07:18:41] Fetched 17 combined transactions.
[2025-04-21 07:18:41] Calculated total earned (from timers only): 0.028757
[2025-04-21 07:26:42] Fetching bank data (combined)...
[2025-04-21 07:26:42] Fetched balance: 0.0064
[2025-04-21 07:26:42] Fetched 25 combined transactions.
[2025-04-21 07:26:42] Calculated total earned (from timers only): 0.046584
[2025-04-21 07:49:55] Fetching bank data (combined)...
[2025-04-21 07:49:55] Fetched balance: 0
[2025-04-21 07:49:55] Fetched 0 combined transactions.
[2025-04-21 07:49:55] Calculated total earned (from timers only): 0
[2025-04-21 10:04:07] Fetching bank data (combined)...
[2025-04-21 10:04:07] Fetched balance: 0.0048
[2025-04-21 10:04:08] Fetched 4 combined transactions.
[2025-04-21 10:04:08] Calculated total earned (from timers only): 0.004825
[2025-04-21 10:04:19] Fetching bank data (combined)...
[2025-04-21 10:04:19] Fetched balance: 0.0048
[2025-04-21 10:04:19] Fetched 4 combined transactions.
[2025-04-21 10:04:19] Calculated total earned (from timers only): 0.004825
[2025-04-21 10:18:38] Fetching bank data (combined)...
[2025-04-21 10:18:38] Fetched balance: 0.0048
[2025-04-21 10:18:38] Fetched 4 combined transactions.
[2025-04-21 10:18:38] Calculated total earned (from timers only): 0.004825
[2025-04-21 12:05:52] Fetching bank data (combined)...
[2025-04-21 12:05:52] Fetched balance: 0.1143
[2025-04-21 12:05:52] Fetched 5 combined transactions.
[2025-04-21 12:05:52] Calculated total earned (from timers only): 0.114309
[2025-04-21 12:27:37] Fetching bank data (combined)...
[2025-04-21 12:27:37] Fetched balance: 0.2612
[2025-04-21 12:27:37] Fetched 7 combined transactions.
[2025-04-21 12:27:37] Calculated total earned (from timers only): 0.261245
