[2025-04-21 07:11:18] Attempting delete for item ID: 1
[2025-04-21 07:11:18] Found item 'Bronze Time Booster (1hr)'. Image URL: 'https://via.placeholder.com/100/CD7F32/FFFFFF?text=1hr'
[2025-04-21 07:11:18] Successfully deleted item ID: 1 from DB. Rows affected: 1
[2025-04-21 07:11:18] Image file not found or outside allowed directory:  (resolved) from https://via.placeholder.com/100/CD7F32/FFFFFF?text=1hr 
[2025-04-21 07:11:18] Attempting delete for item ID: 4
[2025-04-21 07:11:18] Found item 'Experience Potion (Small)'. Image URL: 'https://via.placeholder.com/100/90EE90/000000?text=XP+S'
[2025-04-21 07:11:18] Successfully deleted item ID: 4 from DB. Rows affected: 1
[2025-04-21 07:11:18] Image file not found or outside allowed directory:  (resolved) from https://via.placeholder.com/100/90EE90/000000?text=XP+S 
[2025-04-21 07:11:19] Attempting delete for item ID: 2
[2025-04-21 07:11:19] Found item 'Silver Time Booster (5hr)'. Image URL: 'https://via.placeholder.com/100/C0C0C0/FFFFFF?text=5hr'
[2025-04-21 07:11:19] Successfully deleted item ID: 2 from DB. Rows affected: 1
[2025-04-21 07:11:19] Image file not found or outside allowed directory:  (resolved) from https://via.placeholder.com/100/C0C0C0/FFFFFF?text=5hr 
[2025-04-21 07:11:24] Attempting delete for item ID: 3
[2025-04-21 07:11:24] Found item 'Cosmetic: Blue Timer Skin'. Image URL: 'https://via.placeholder.com/100/61dafb/FFFFFF?text=Skin'
[2025-04-21 07:11:24] Successfully deleted item ID: 3 from DB. Rows affected: 1
[2025-04-21 07:11:24] Image file not found or outside allowed directory:  (resolved) from https://via.placeholder.com/100/61dafb/FFFFFF?text=Skin 
[2025-04-21 07:18:07] Attempting delete for item ID: 5
[2025-04-21 07:18:07] Found item 'Black Tea'. Image URL: 'uploads/market_images/item_6805efa992d784.56647268.png'
[2025-04-21 07:18:07] Successfully deleted item ID: 5 from DB. Rows affected: 1
[2025-04-21 07:18:07] Successfully deleted image file: C:\laragon\www\timer8\uploads\market_images\item_6805efa992d784.56647268.png
[2025-04-21 07:49:41] Attempting delete for item ID: 3
[2025-04-21 07:49:41] Found item 'Cosmetic: Blue Timer Skin'. Image URL: 'https://via.placeholder.com/100/61dafb/FFFFFF?text=Skin'
[2025-04-21 07:49:41] Successfully deleted item ID: 3 from DB. Rows affected: 1
[2025-04-21 07:49:41] Image file not found or outside allowed directory:  (resolved) from https://via.placeholder.com/100/61dafb/FFFFFF?text=Skin 
[2025-04-21 07:49:43] Attempting delete for item ID: 2
[2025-04-21 07:49:43] Found item 'Silver Time Booster (5hr)'. Image URL: 'https://via.placeholder.com/100/C0C0C0/FFFFFF?text=5hr'
[2025-04-21 07:49:43] Successfully deleted item ID: 2 from DB. Rows affected: 1
[2025-04-21 07:49:43] Image file not found or outside allowed directory:  (resolved) from https://via.placeholder.com/100/C0C0C0/FFFFFF?text=5hr 
[2025-04-21 07:49:45] Attempting delete for item ID: 4
[2025-04-21 07:49:45] Found item 'Experience Potion (Small)'. Image URL: 'https://via.placeholder.com/100/90EE90/000000?text=XP+S'
[2025-04-21 07:49:45] Successfully deleted item ID: 4 from DB. Rows affected: 1
[2025-04-21 07:49:45] Image file not found or outside allowed directory:  (resolved) from https://via.placeholder.com/100/90EE90/000000?text=XP+S 
[2025-04-21 07:49:51] Attempting delete for item ID: 1
[2025-04-21 07:49:51] Found item 'Bronze Time Booster (1hr)'. Image URL: 'https://via.placeholder.com/100/CD7F32/FFFFFF?text=1hr'
[2025-04-21 07:49:51] Successfully deleted item ID: 1 from DB. Rows affected: 1
[2025-04-21 07:49:51] Image file not found or outside allowed directory:  (resolved) from https://via.placeholder.com/100/CD7F32/FFFFFF?text=1hr 
[2025-04-21 12:02:08] Attempting delete for item ID: 1
[2025-04-21 12:02:08] Found item 'Bronze Time Booster (1hr)'. Image URL: 'https://via.placeholder.com/100/CD7F32/FFFFFF?text=1hr'
[2025-04-21 12:02:08] Successfully deleted item ID: 1 from DB. Rows affected: 1
[2025-04-21 12:02:08] Image file not found or outside allowed directory:  (resolved) from https://via.placeholder.com/100/CD7F32/FFFFFF?text=1hr 
[2025-04-21 12:02:10] Attempting delete for item ID: 4
[2025-04-21 12:02:10] Found item 'Experience Potion (Small)'. Image URL: 'https://via.placeholder.com/100/90EE90/000000?text=XP+S'
[2025-04-21 12:02:10] Successfully deleted item ID: 4 from DB. Rows affected: 1
[2025-04-21 12:02:10] Image file not found or outside allowed directory:  (resolved) from https://via.placeholder.com/100/90EE90/000000?text=XP+S 
[2025-04-21 12:02:11] Attempting delete for item ID: 2
[2025-04-21 12:02:11] Found item 'Silver Time Booster (5hr)'. Image URL: 'https://via.placeholder.com/100/C0C0C0/FFFFFF?text=5hr'
[2025-04-21 12:02:11] Successfully deleted item ID: 2 from DB. Rows affected: 1
[2025-04-21 12:02:11] Image file not found or outside allowed directory:  (resolved) from https://via.placeholder.com/100/C0C0C0/FFFFFF?text=5hr 
[2025-04-21 12:02:15] Attempting delete for item ID: 3
[2025-04-21 12:02:15] Found item 'Cosmetic: Blue Timer Skin'. Image URL: 'https://via.placeholder.com/100/61dafb/FFFFFF?text=Skin'
[2025-04-21 12:02:15] Successfully deleted item ID: 3 from DB. Rows affected: 1
[2025-04-21 12:02:15] Image file not found or outside allowed directory:  (resolved) from https://via.placeholder.com/100/61dafb/FFFFFF?text=Skin 
