[2025-04-21 07:18:31] Attempting purchase for item ID: 6
[2025-04-21 07:18:31] Item 'Black Tea' found. Price: 0.01
[2025-04-21 07:18:31] Current balance fetched: 0.0286
[2025-04-21 07:18:31] Balance updated to: 0.0186
[2025-04-21 07:18:31] Purchase logged successfully. Log Params: {":item_id":6,":name":"Black Tea",":price":0.01,":time":"2025-04-21 07:18:31"}
[2025-04-21 07:18:31] Purchase successful. Transaction committed.
[2025-04-21 07:18:32] Attempting purchase for item ID: 6
[2025-04-21 07:18:32] Item 'Black Tea' found. Price: 0.01
[2025-04-21 07:18:32] Current balance fetched: 0.0186
[2025-04-21 07:18:32] Balance updated to: 0.0086
[2025-04-21 07:18:32] Purchase logged successfully. Log Params: {":item_id":6,":name":"Black Tea",":price":0.01,":time":"2025-04-21 07:18:32"}
[2025-04-21 07:18:32] Purchase successful. Transaction committed.
[2025-04-21 07:19:46] Attempting purchase for item ID: 6
[2025-04-21 07:19:46] Item 'Black Tea' found. Price: 0.01
[2025-04-21 07:19:46] Current balance fetched: 0.0156
[2025-04-21 07:19:46] Balance updated to: 0.0056
[2025-04-21 07:19:46] Purchase logged successfully. Log Params: {":item_id":6,":name":"Black Tea",":price":0.01,":time":"2025-04-21 07:19:46"}
[2025-04-21 07:19:46] Purchase successful. Transaction committed.
[2025-04-21 07:26:39] Attempting purchase for item ID: 6
[2025-04-21 07:26:39] Item 'Black Tea' found. Price: 0.01
[2025-04-21 07:26:39] Current balance fetched: 0.0164
[2025-04-21 07:26:39] Balance updated to: 0.0064
[2025-04-21 07:26:39] Purchase logged successfully. Log Params: {":item_id":6,":name":"Black Tea",":price":0.01,":time":"2025-04-21 07:26:39"}
[2025-04-21 07:26:39] Purchase successful. Transaction committed.
